<?xml version="1.0" encoding="UTF-8"?>
<testsuite name="Crear un pedido cliente envio con medio de pago PayU" tests="1" skipped="1" failures="0" errors="0" timestamp="2022-05-05T21:15:19" hostname="DIBOG-AGROGER" time="61.002">
  <properties/>
  <testcase name="Creacion pedido cliente envio on medio de pago PayU" classname="Crear un pedido cliente envio con medio de pago PayU" time="61.002">
    <skipped/>
  </testcase>
  <system-out><![CDATA[]]></system-out>
  <system-err><![CDATA[may. 05, 2022 4:15:19 P. M. org.openqa.selenium.remote.DesiredCapabilities chrome
INFO: Using `new ChromeOptions()` is preferred to `DesiredCapabilities.chrome()`
[Test worker] INFO net.serenitybdd.core.webdriver.driverproviders.ProvideNewDriver - Instantiating driver
[Test worker] INFO net.serenitybdd.core.webdriver.driverproviders.ProvideNewDriver - Driver capabilities: Capabilities {acceptInsecureCerts: false, browserName: chrome, chrome.switches: --start-maximized, goog:chromeOptions: {args: [--start-maximized], extensions: []}, loggingPrefs: org.openqa.selenium.logging..., platform: ANY, version: }
Starting ChromeDriver 99.0.4844.51 (d537ec02474b5afe23684e7963d538896c63ac77-refs/branch-heads/4844@{#875}) on port 26629
Only local connections are allowed.
Please see https://chromedriver.chromium.org/security-considerations for suggestions on keeping ChromeDriver safe.
ChromeDriver was started successfully.
[1651785324.031][WARNING]: This version of ChromeDriver has not been tested with Chrome version 100.
may. 05, 2022 4:15:25 P. M. org.openqa.selenium.remote.ProtocolHandshake createSession
INFO: Detected dialect: W3C
[1651785349.220][SEVERE]: Timed out receiving message from renderer: 10.000
[1651785349.220][WARNING]: screenshot failed, retrying timeout: Timed out receiving message from renderer: 10.000
[1651785359.221][SEVERE]: Timed out receiving message from renderer: 10.000
[Test worker] INFO net.thucydides.core.steps.ConsoleLoggingListener - TEST PENDING
[Test worker] INFO net.thucydides.core.steps.ConsoleLoggingListener - 
          __  _____ _____ ____ _____   ____  _____ _   _ ____ ___ _   _  ____ 
 _       / / |_   _| ____/ ___|_   _| |  _ \| ____| \ | |  _ \_ _| \ | |/ ___|
(_)____ / /    | | |  _| \___ \ | |   | |_) |  _| |  \| | | | | ||  \| | |  _ 
 |_____/ /     | | | |___ ___) || |   |  __/| |___| |\  | |_| | || |\  | |_| |
(_)   /_/      |_| |_____|____/ |_|   |_|   |_____|_| \_|____/___|_| \_|\____|
                                                                                

TEST PENDING: Creacion pedido cliente envio on medio de pago PayU
---------------------------------------------------------------------------------
]]></system-err>
</testsuite>
