<?xml version="1.0" encoding="UTF-8"?>
<testsuite name="Consultar facturas del cliente en el aplicativo Panel Cliente" tests="1" skipped="1" failures="0" errors="0" timestamp="2022-03-15T17:48:31" hostname="DIBOG-AGROGER" time="0.058">
  <properties/>
  <testcase name="Consultar facturas del cliente" classname="Consultar facturas del cliente en el aplicativo Panel Cliente" time="0.058">
    <skipped/>
  </testcase>
  <system-out><![CDATA[]]></system-out>
  <system-err><![CDATA[[Test worker] INFO net.thucydides.core.steps.ConsoleLoggingListener - TEST PENDING
[Test worker] INFO net.thucydides.core.steps.ConsoleLoggingListener - 
          __  _____ _____ ____ _____   ____  _____ _   _ ____ ___ _   _  ____ 
 _       / / |_   _| ____/ ___|_   _| |  _ \| ____| \ | |  _ \_ _| \ | |/ ___|
(_)____ / /    | | |  _| \___ \ | |   | |_) |  _| |  \| | | | | ||  \| | |  _ 
 |_____/ /     | | | |___ ___) || |   |  __/| |___| |\  | |_| | || |\  | |_| |
(_)   /_/      |_| |_____|____/ |_|   |_|   |_____|_| \_|____/___|_| \_|\____|
                                                                                

TEST PENDING: Consultar facturas del cliente
---------------------------------------------------------------------------------
]]></system-err>
</testsuite>
